# JRE version: OpenJDK Runtime Environment (18.0+36) (build 18+36-2087)
# Java VM: OpenJDK 64-Bit Server VM (18+36-2087, mixed mode, sharing, tiered, compressed oops, compressed class ptrs, g1 gc, windows-amd64)
GC Precious Log:
 CardTable entry size: 512
 Card Set container configuration: InlinePtr #cards 4 size 8 Array Of Cards #cards 32 size 80 Howl #buckets 8 coarsen threshold 7372 Howl Bitmap #cards 1024 size 144 coarsen threshold 921 Card regions per heap region 1 cards per card region 8192
 CPUs: 8 total, 8 available
 Memory: 32706M
 Large Page Support: Disabled
 NUMA Support: Disabled
 Compressed Oops: Enabled (Zero based)
 Heap Region Size: 4M
 Heap Min Capacity: 8M
 Heap Initial Capacity: 512M
 Heap Max Capacity: 8180M
 Pre-touch: Disabled
 Parallel Workers: 8
 Concurrent Workers: 2
 Concurrent Refinement Workers: 8
 Periodic GC: Disabled
Heap:
 garbage-first heap   total 524288K, used 154780K [0x0000000600c00000, 0x0000000800000000)
  region size 4096K, 31 young (126976K), 2 survivors (8192K)
 Metaspace       used 12873K, committed 13120K, reserved 1114112K
  class space    used 1291K, committed 1408K, reserved 1048576K
GC Heap History (6 events):
Event: 0.455 GC heap before
{Heap before GC invocations=0 (full 0):
 garbage-first heap   total 524288K, used 40960K [0x0000000600c00000, 0x0000000800000000)
  region size 4096K, 6 young (24576K), 0 survivors (0K)
 Metaspace       used 4021K, committed 4160K, reserved 1114112K
  class space    used 378K, committed 448K, reserved 1048576K
}
Event: 0.459 GC heap after
{Heap after GC invocations=1 (full 0):
 garbage-first heap   total 524288K, used 27705K [0x0000000600c00000, 0x0000000800000000)
  region size 4096K, 1 young (4096K), 1 survivors (4096K)
 Metaspace       used 4021K, committed 4160K, reserved 1114112K
  class space    used 378K, committed 448K, reserved 1048576K
}
Event: 3.667 GC heap before
{Heap before GC invocations=1 (full 0):
 garbage-first heap   total 524288K, used 80953K [0x0000000600c00000, 0x0000000800000000)
  region size 4096K, 7 young (28672K), 1 survivors (4096K)
 Metaspace       used 11950K, committed 12160K, reserved 1114112K
  class space    used 1245K, committed 1344K, reserved 1048576K
}
Event: 3.670 GC heap after
{Heap after GC invocations=2 (full 0):
 garbage-first heap   total 524288K, used 65753K [0x0000000600c00000, 0x0000000800000000)
  region size 4096K, 1 young (4096K), 1 survivors (4096K)
 Metaspace       used 11950K, committed 12160K, reserved 1114112K
  class space    used 1245K, committed 1344K, reserved 1048576K
}
Event: 37.169 GC heap before
{Heap before GC invocations=2 (full 0):
 garbage-first heap   total 524288K, used 143577K [0x0000000600c00000, 0x0000000800000000)
  region size 4096K, 18 young (73728K), 1 survivors (4096K)
 Metaspace       used 12811K, committed 13056K, reserved 1114112K
  class space    used 1291K, committed 1408K, reserved 1048576K
}
Event: 37.176 GC heap after
{Heap after GC invocations=3 (full 0):
 garbage-first heap   total 524288K, used 44188K [0x0000000600c00000, 0x0000000800000000)
  region size 4096K, 2 young (8192K), 2 survivors (8192K)
 Metaspace       used 12811K, committed 13056K, reserved 1114112K
  class space    used 1291K, committed 1408K, reserved 1048576K
}

