# JRE version: OpenJDK Runtime Environment (18.0+36) (build 18+36-2087)
# Java VM: OpenJDK 64-Bit Server VM (18+36-2087, mixed mode, sharing, tiered, compressed oops, compressed class ptrs, g1 gc, windows-amd64)
GC Precious Log:
 CardTable entry size: 512
 Card Set container configuration: InlinePtr #cards 4 size 8 Array Of Cards #cards 16 size 48 Howl #buckets 8 coarsen threshold 3686 Howl Bitmap #cards 512 size 80 coarsen threshold 460 Card regions per heap region 1 cards per card region 4096
 CPUs: 12 total, 12 available
 Memory: 16307M
 Large Page Support: Disabled
 NUMA Support: Disabled
 Compressed Oops: Enabled (Zero based)
 Heap Region Size: 2M
 Heap Min Capacity: 8M
 Heap Initial Capacity: 256M
 Heap Max Capacity: 4078M
 Pre-touch: Disabled
 Parallel Workers: 10
 Concurrent Workers: 3
 Concurrent Refinement Workers: 10
 Periodic GC: Disabled
Heap:
 garbage-first heap   total 421888K, used 322452K [0x0000000701200000, 0x0000000800000000)
  region size 2048K, 82 young (167936K), 7 survivors (14336K)
 Metaspace       used 13100K, committed 13312K, reserved 1114112K
  class space    used 1301K, committed 1408K, reserved 1048576K
GC Heap History (20 events):
Event: 17.981 GC heap before
{Heap before GC invocations=7 (full 0):
 garbage-first heap   total 270336K, used 230492K [0x0000000701200000, 0x0000000800000000)
  region size 2048K, 41 young (83968K), 2 survivors (4096K)
 Metaspace       used 12997K, committed 13248K, reserved 1114112K
  class space    used 1301K, committed 1408K, reserved 1048576K
}
Event: 17.983 GC heap after
{Heap after GC invocations=8 (full 0):
 garbage-first heap   total 270336K, used 153448K [0x0000000701200000, 0x0000000800000000)
  region size 2048K, 3 young (6144K), 3 survivors (6144K)
 Metaspace       used 12997K, committed 13248K, reserved 1114112K
  class space    used 1301K, committed 1408K, reserved 1048576K
}
Event: 20.855 GC heap before
{Heap before GC invocations=9 (full 0):
 garbage-first heap   total 270336K, used 229224K [0x0000000701200000, 0x0000000800000000)
  region size 2048K, 41 young (83968K), 3 survivors (6144K)
 Metaspace       used 12998K, committed 13248K, reserved 1114112K
  class space    used 1301K, committed 1408K, reserved 1048576K
}
Event: 20.858 GC heap after
{Heap after GC invocations=10 (full 0):
 garbage-first heap   total 270336K, used 153978K [0x0000000701200000, 0x0000000800000000)
  region size 2048K, 3 young (6144K), 3 survivors (6144K)
 Metaspace       used 12998K, committed 13248K, reserved 1114112K
  class space    used 1301K, committed 1408K, reserved 1048576K
}
Event: 24.245 GC heap before
{Heap before GC invocations=10 (full 0):
 garbage-first heap   total 270336K, used 231802K [0x0000000701200000, 0x0000000800000000)
  region size 2048K, 42 young (86016K), 3 survivors (6144K)
 Metaspace       used 13017K, committed 13248K, reserved 1114112K
  class space    used 1301K, committed 1408K, reserved 1048576K
}
Event: 24.248 GC heap after
{Heap after GC invocations=11 (full 0):
 garbage-first heap   total 270336K, used 154704K [0x0000000701200000, 0x0000000800000000)
  region size 2048K, 3 young (6144K), 3 survivors (6144K)
 Metaspace       used 13017K, committed 13248K, reserved 1114112K
  class space    used 1301K, committed 1408K, reserved 1048576K
}
Event: 26.223 GC heap before
{Heap before GC invocations=12 (full 0):
 garbage-first heap   total 270336K, used 232528K [0x0000000701200000, 0x0000000800000000)
  region size 2048K, 42 young (86016K), 3 survivors (6144K)
 Metaspace       used 13017K, committed 13248K, reserved 1114112K
  class space    used 1301K, committed 1408K, reserved 1048576K
}
Event: 26.226 GC heap after
{Heap after GC invocations=13 (full 0):
 garbage-first heap   total 270336K, used 154988K [0x0000000701200000, 0x0000000800000000)
  region size 2048K, 3 young (6144K), 3 survivors (6144K)
 Metaspace       used 13017K, committed 13248K, reserved 1114112K
  class space    used 1301K, committed 1408K, reserved 1048576K
}
Event: 29.251 GC heap before
{Heap before GC invocations=13 (full 0):
 garbage-first heap   total 270336K, used 232812K [0x0000000701200000, 0x0000000800000000)
  region size 2048K, 42 young (86016K), 3 survivors (6144K)
 Metaspace       used 13017K, committed 13248K, reserved 1114112K
  class space    used 1301K, committed 1408K, reserved 1048576K
}
Event: 29.254 GC heap after
{Heap after GC invocations=14 (full 0):
 garbage-first heap   total 270336K, used 155953K [0x0000000701200000, 0x0000000800000000)
  region size 2048K, 4 young (8192K), 4 survivors (8192K)
 Metaspace       used 13017K, committed 13248K, reserved 1114112K
  class space    used 1301K, committed 1408K, reserved 1048576K
}
Event: 32.320 GC heap before
{Heap before GC invocations=15 (full 0):
 garbage-first heap   total 270336K, used 229681K [0x0000000701200000, 0x0000000800000000)
  region size 2048K, 41 young (83968K), 4 survivors (8192K)
 Metaspace       used 13033K, committed 13312K, reserved 1114112K
  class space    used 1301K, committed 1408K, reserved 1048576K
}
Event: 32.324 GC heap after
{Heap after GC invocations=16 (full 0):
 garbage-first heap   total 421888K, used 156571K [0x0000000701200000, 0x0000000800000000)
  region size 2048K, 4 young (8192K), 4 survivors (8192K)
 Metaspace       used 13033K, committed 13312K, reserved 1114112K
  class space    used 1301K, committed 1408K, reserved 1048576K
}
Event: 41.917 GC heap before
{Heap before GC invocations=16 (full 0):
 garbage-first heap   total 421888K, used 365467K [0x0000000701200000, 0x0000000800000000)
  region size 2048K, 107 young (219136K), 4 survivors (8192K)
 Metaspace       used 13044K, committed 13312K, reserved 1114112K
  class space    used 1301K, committed 1408K, reserved 1048576K
}
Event: 41.922 GC heap after
{Heap after GC invocations=17 (full 0):
 garbage-first heap   total 421888K, used 158803K [0x0000000701200000, 0x0000000800000000)
  region size 2048K, 5 young (10240K), 5 survivors (10240K)
 Metaspace       used 13044K, committed 13312K, reserved 1114112K
  class space    used 1301K, committed 1408K, reserved 1048576K
}
Event: 51.265 GC heap before
{Heap before GC invocations=17 (full 0):
 garbage-first heap   total 421888K, used 361555K [0x0000000701200000, 0x0000000800000000)
  region size 2048K, 105 young (215040K), 5 survivors (10240K)
 Metaspace       used 13048K, committed 13312K, reserved 1114112K
  class space    used 1301K, committed 1408K, reserved 1048576K
}
Event: 51.269 GC heap after
{Heap after GC invocations=18 (full 0):
 garbage-first heap   total 421888K, used 160883K [0x0000000701200000, 0x0000000800000000)
  region size 2048K, 6 young (12288K), 6 survivors (12288K)
 Metaspace       used 13048K, committed 13312K, reserved 1114112K
  class space    used 1301K, committed 1408K, reserved 1048576K
}
Event: 56.564 GC heap before
{Heap before GC invocations=18 (full 0):
 garbage-first heap   total 421888K, used 361587K [0x0000000701200000, 0x0000000800000000)
  region size 2048K, 105 young (215040K), 6 survivors (12288K)
 Metaspace       used 13065K, committed 13312K, reserved 1114112K
  class space    used 1301K, committed 1408K, reserved 1048576K
}
Event: 56.568 GC heap after
{Heap after GC invocations=19 (full 0):
 garbage-first heap   total 421888K, used 161840K [0x0000000701200000, 0x0000000800000000)
  region size 2048K, 6 young (12288K), 6 survivors (12288K)
 Metaspace       used 13065K, committed 13312K, reserved 1114112K
  class space    used 1301K, committed 1408K, reserved 1048576K
}
Event: 61.855 GC heap before
{Heap before GC invocations=19 (full 0):
 garbage-first heap   total 421888K, used 370736K [0x0000000701200000, 0x0000000800000000)
  region size 2048K, 105 young (215040K), 6 survivors (12288K)
 Metaspace       used 13065K, committed 13312K, reserved 1114112K
  class space    used 1301K, committed 1408K, reserved 1048576K
}
Event: 61.860 GC heap after
{Heap after GC invocations=20 (full 0):
 garbage-first heap   total 421888K, used 166804K [0x0000000701200000, 0x0000000800000000)
  region size 2048K, 7 young (14336K), 7 survivors (14336K)
 Metaspace       used 13065K, committed 13312K, reserved 1114112K
  class space    used 1301K, committed 1408K, reserved 1048576K
}

